Start testing: Aug 20 20:59 +01
----------------------------------------------------------
1/4 Testing: tst_database
1/4 Test: tst_database
Command: "/home/nigoat/Documents/Diamond/build/bin/tst_database"
Directory: /home/nigoat/Documents/Diamond/build/tests
"tst_database" start time: Aug 20 20:59 +01
Output:
----------------------------------------------------------
********* Start testing of TestDatabase *********
Config: Using QtTest library 6.11.1, Qt 6.11.1 (x86_64-little_endian-lp64 shared (dynamic) release build; by GCC 16.1.1 20260430), arch unknown
PASS   : TestDatabase::initTestCase()
PASS   : TestDatabase::testInsertAndRetrieveDiamond()
PASS   : TestDatabase::testDuplicateReferencePrevention()
PASS   : TestDatabase::testUpdateDiamond()
PASS   : TestDatabase::testArchiveDiamond()
PASS   : TestDatabase::testSupplierCrud()
PASS   : TestDatabase::cleanupTestCase()
Totals: 7 passed, 0 failed, 0 skipped, 0 blacklisted, 4ms
********* Finished testing of TestDatabase *********
<end of output>
Test time =   0.03 sec
----------------------------------------------------------
Test Passed.
"tst_database" end time: Aug 20 20:59 +01
"tst_database" time elapsed: 00:00:00
----------------------------------------------------------

2/4 Testing: tst_pricing
2/4 Test: tst_pricing
Command: "/home/nigoat/Documents/Diamond/build/bin/tst_pricing"
Directory: /home/nigoat/Documents/Diamond/build/tests
"tst_pricing" start time: Aug 20 20:59 +01
Output:
----------------------------------------------------------
********* Start testing of TestPricing *********
Config: Using QtTest library 6.11.1, Qt 6.11.1 (x86_64-little_endian-lp64 shared (dynamic) release build; by GCC 16.1.1 20260430), arch unknown
PASS   : TestPricing::initTestCase()
PASS   : TestPricing::testMoneyFromDouble()
PASS   : TestPricing::testMoneyFormatting()
PASS   : TestPricing::testMarginCalculation()
PASS   : TestPricing::testArithmetic()
PASS   : TestPricing::cleanupTestCase()
Totals: 6 passed, 0 failed, 0 skipped, 0 blacklisted, 0ms
********* Finished testing of TestPricing *********
<end of output>
Test time =   0.03 sec
----------------------------------------------------------
Test Passed.
"tst_pricing" end time: Aug 20 20:59 +01
"tst_pricing" time elapsed: 00:00:00
----------------------------------------------------------

3/4 Testing: tst_validation
3/4 Test: tst_validation
Command: "/home/nigoat/Documents/Diamond/build/bin/tst_validation"
Directory: /home/nigoat/Documents/Diamond/build/tests
"tst_validation" start time: Aug 20 20:59 +01
Output:
----------------------------------------------------------
********* Start testing of TestValidation *********
Config: Using QtTest library 6.11.1, Qt 6.11.1 (x86_64-little_endian-lp64 shared (dynamic) release build; by GCC 16.1.1 20260430), arch unknown
PASS   : TestValidation::initTestCase()
PASS   : TestValidation::testEmptyReference()
PASS   : TestValidation::testEmptyName()
PASS   : TestValidation::testNegativeCarat()
PASS   : TestValidation::testNegativePrice()
PASS   : TestValidation::testDuplicateDiamond()
PASS   : TestValidation::cleanupTestCase()
Totals: 7 passed, 0 failed, 0 skipped, 0 blacklisted, 3ms
********* Finished testing of TestValidation *********
<end of output>
Test time =   0.03 sec
----------------------------------------------------------
Test Passed.
"tst_validation" end time: Aug 20 20:59 +01
"tst_validation" time elapsed: 00:00:00
----------------------------------------------------------

4/4 Testing: tst_import_export
4/4 Test: tst_import_export
Command: "/home/nigoat/Documents/Diamond/build/bin/tst_import_export"
Directory: /home/nigoat/Documents/Diamond/build/tests
"tst_import_export" start time: Aug 20 20:59 +01
Output:
----------------------------------------------------------
********* Start testing of TestImportExport *********
Config: Using QtTest library 6.11.1, Qt 6.11.1 (x86_64-little_endian-lp64 shared (dynamic) release build; by GCC 16.1.1 20260430), arch unknown
PASS   : TestImportExport::initTestCase()
PASS   : TestImportExport::testExportAndImportCycle()
PASS   : TestImportExport::cleanupTestCase()
Totals: 3 passed, 0 failed, 0 skipped, 0 blacklisted, 3ms
********* Finished testing of TestImportExport *********
<end of output>
Test time =   0.03 sec
----------------------------------------------------------
Test Passed.
"tst_import_export" end time: Aug 20 20:59 +01
"tst_import_export" time elapsed: 00:00:00
----------------------------------------------------------

End testing: Aug 20 20:59 +01
